<?xml version="1.0" encoding="UTF-8"?>
<!-- Generated by org.testng.reporters.JUnitXMLReporter -->
<testsuite ignored="0" hostname="AbhishekMore" failures="0" tests="6" name="Default test" time="14.495" errors="0" timestamp="2026-03-09T14:08:33 IST">
  <testcase classname="api.test.DDTests" name="testPostUser" time="3.865"/>
  <testcase classname="api.test.DDTests" name="testPostUser" time="2.062"/>
  <testcase classname="api.test.DDTests" name="testPostUser" time="1.83"/>
  <testcase classname="api.test.DDTests" name="testDeleteUserByName" time="1.812"/>
  <testcase classname="api.test.DDTests" name="testDeleteUserByName" time="1.833"/>
  <testcase classname="api.test.DDTests" name="testDeleteUserByName" time="2.079"/>
</testsuite> <!-- Default test -->
