<?xml version="1.0" encoding="UTF-8"?>
<testsuite xmlns:xsi="http://www.w3.org/2001/XMLSchema-instance" xsi:noNamespaceSchemaLocation="https://maven.apache.org/surefire/maven-surefire-plugin/xsd/surefire-test-report.xsd" version="3.0.2" name="TestSuite" time="13.478" tests="4" errors="0" skipped="0" failures="0" flakes="0">
  <properties>
[...]
</properties>
  <testcase name="testPostuser" classname="api.test.UserTest2" time="3.588">
    <system-out><![CDATA[HTTP/1.1 200 OK
Date: Tue, 10 Mar 2026 08:21:42 GMT
Content-Type: application/json
Transfer-Encoding: chunked
Connection: keep-alive
Access-Control-Allow-Origin: *
Access-Control-Allow-Methods: GET, POST, DELETE, PUT
Access-Control-Allow-Headers: Content-Type, api_key, Authorization
Server: Jetty(9.2.9.v20150224)

{
    "code": 200,
    "type": "unknown",
    "message": "970419381"
}
User Posted
]]></system-out>
    <system-err><![CDATA[SLF4J: Failed to load class "org.slf4j.impl.StaticLoggerBinder".
SLF4J: Defaulting to no-operation (NOP) logger implementation
SLF4J: See http://www.slf4j.org/codes.html#StaticLoggerBinder for further details.
]]></system-err>
  </testcase>
  <testcase name="testGetUserByName" classname="api.test.UserTest2" time="2.194">
    <system-out><![CDATA[HTTP/1.1 200 OK
Date: Tue, 10 Mar 2026 08:21:44 GMT
Content-Type: application/json
Transfer-Encoding: chunked
Connection: keep-alive
Access-Control-Allow-Origin: *
Access-Control-Allow-Methods: GET, POST, DELETE, PUT
Access-Control-Allow-Headers: Content-Type, api_key, Authorization
Server: Jetty(9.2.9.v20150224)

{
    "id": 970419381,
    "username": "marquita.bernier",
    "firstName": "Dennis",
    "lastName": "McKenzie",
    "email": "florida.mraz@example.com",
    "password": "uj796j",
    "phone": "476-479-0445",
    "userStatus": 0
}
got user by name
]]></system-out>
  </testcase>
  <testcase name="testUpdateUserByName" classname="api.test.UserTest2" time="3.986">
    <system-out><![CDATA[{
    "code": 200,
    "type": "unknown",
    "message": "970419381"
}
HTTP/1.1 200 OK
Date: Tue, 10 Mar 2026 08:21:49 GMT
Content-Type: application/json
Transfer-Encoding: chunked
Connection: keep-alive
Access-Control-Allow-Origin: *
Access-Control-Allow-Methods: GET, POST, DELETE, PUT
Access-Control-Allow-Headers: Content-Type, api_key, Authorization
Server: Jetty(9.2.9.v20150224)

{
    "id": 970419381,
    "username": "marquita.bernier",
    "firstName": "Pauletta",
    "lastName": "Leuschke",
    "email": "valarie.ferry@example.com",
    "password": "uj796j",
    "phone": "476-479-0445",
    "userStatus": 0
}
]]></system-out>
  </testcase>
  <testcase name="testDeleteUserByName" classname="api.test.UserTest2" time="2.355">
    <system-out><![CDATA[Deleted user by name 
]]></system-out>
  </testcase>
</testsuite>