<?xml version="1.0" encoding="UTF-8"?>
<testng-results ignored="0" total="4" passed="4" failed="0" skipped="0">
  <reporter-output>
  </reporter-output>
  <suite started-at="2026-03-10T13:51:38 IST" name="PetSuite" finished-at="2026-03-10T13:51:51 IST" duration-ms="12924">
    <groups>
    </groups>
    <test started-at="2026-03-10T13:51:38 IST" name="PetTests" finished-at="2026-03-10T13:51:51 IST" duration-ms="12924">
      <class name="api.test.UserTest2">
        <test-method is-config="true" signature="setup()[pri:0, instance:api.test.UserTest2@61df66b6]" started-at="2026-03-10T13:51:38 IST" name="setup" finished-at="2026-03-10T13:51:39 IST" duration-ms="609" status="PASS">
          <reporter-output>
          </reporter-output>
        </test-method> <!-- setup -->
        <test-method signature="testPostuser()[pri:1, instance:api.test.UserTest2@61df66b6]" started-at="2026-03-10T13:51:39 IST" name="testPostuser" finished-at="2026-03-10T13:51:42 IST" duration-ms="3581" status="PASS">
          <reporter-output>
          </reporter-output>
        </test-method> <!-- testPostuser -->
        <test-method signature="testGetUserByName()[pri:2, instance:api.test.UserTest2@61df66b6]" started-at="2026-03-10T13:51:42 IST" name="testGetUserByName" finished-at="2026-03-10T13:51:45 IST" duration-ms="2195" status="PASS">
          <reporter-output>
          </reporter-output>
        </test-method> <!-- testGetUserByName -->
        <test-method signature="testUpdateUserByName()[pri:3, instance:api.test.UserTest2@61df66b6]" started-at="2026-03-10T13:51:45 IST" name="testUpdateUserByName" finished-at="2026-03-10T13:51:49 IST" duration-ms="3986" status="PASS">
          <reporter-output>
          </reporter-output>
        </test-method> <!-- testUpdateUserByName -->
        <test-method signature="testDeleteUserByName()[pri:4, instance:api.test.UserTest2@61df66b6]" started-at="2026-03-10T13:51:49 IST" name="testDeleteUserByName" finished-at="2026-03-10T13:51:51 IST" duration-ms="2355" status="PASS">
          <reporter-output>
          </reporter-output>
        </test-method> <!-- testDeleteUserByName -->
      </class> <!-- api.test.UserTest2 -->
    </test> <!-- PetTests -->
  </suite> <!-- PetSuite -->
</testng-results>
