<?xml version="1.0" encoding="UTF-8"?>
<testng-results ignored="0" total="4" passed="4" failed="0" skipped="0">
  <reporter-output>
  </reporter-output>
  <suite started-at="2026-03-10T12:36:56 IST" name="PetSuite" finished-at="2026-03-10T12:37:09 IST" duration-ms="12543">
    <groups>
    </groups>
    <test started-at="2026-03-10T12:36:56 IST" name="PetTests" finished-at="2026-03-10T12:37:09 IST" duration-ms="12543">
      <class name="api.test.UserTest2">
        <test-method is-config="true" signature="setup()[pri:0, instance:api.test.UserTest2@9d5509a]" started-at="2026-03-10T12:36:56 IST" name="setup" finished-at="2026-03-10T12:36:57 IST" duration-ms="694" status="PASS">
          <reporter-output>
          </reporter-output>
        </test-method> <!-- setup -->
        <test-method signature="testPostuser()[pri:1, instance:api.test.UserTest2@9d5509a]" started-at="2026-03-10T12:36:57 IST" name="testPostuser" finished-at="2026-03-10T12:37:01 IST" duration-ms="4202" status="PASS">
          <reporter-output>
          </reporter-output>
        </test-method> <!-- testPostuser -->
        <test-method signature="testGetUserByName()[pri:2, instance:api.test.UserTest2@9d5509a]" started-at="2026-03-10T12:37:01 IST" name="testGetUserByName" finished-at="2026-03-10T12:37:03 IST" duration-ms="1825" status="PASS">
          <reporter-output>
          </reporter-output>
        </test-method> <!-- testGetUserByName -->
        <test-method signature="testUpdateUserByName()[pri:3, instance:api.test.UserTest2@9d5509a]" started-at="2026-03-10T12:37:03 IST" name="testUpdateUserByName" finished-at="2026-03-10T12:37:07 IST" duration-ms="3656" status="PASS">
          <reporter-output>
          </reporter-output>
        </test-method> <!-- testUpdateUserByName -->
        <test-method signature="testDeleteUserByName()[pri:4, instance:api.test.UserTest2@9d5509a]" started-at="2026-03-10T12:37:07 IST" name="testDeleteUserByName" finished-at="2026-03-10T12:37:09 IST" duration-ms="1818" status="PASS">
          <reporter-output>
          </reporter-output>
        </test-method> <!-- testDeleteUserByName -->
      </class> <!-- api.test.UserTest2 -->
    </test> <!-- PetTests -->
  </suite> <!-- PetSuite -->
</testng-results>
