<?xml version="1.0" encoding="UTF-8"?>
<!-- Generated by org.testng.reporters.JUnitXMLReporter -->
<testsuite ignored="0" hostname="AbhishekMore" failures="0" tests="4" name="PetTests" time="12.924" errors="0" timestamp="2026-03-10T13:51:51 IST">
  <testcase classname="api.test.UserTest2" name="testPostuser" time="3.581"/>
  <testcase classname="api.test.UserTest2" name="testGetUserByName" time="2.195"/>
  <testcase classname="api.test.UserTest2" name="testUpdateUserByName" time="3.986"/>
  <testcase classname="api.test.UserTest2" name="testDeleteUserByName" time="2.355"/>
</testsuite> <!-- PetTests -->
