<?xml version="1.0" encoding="UTF-8"?>
<!-- Generated by org.testng.reporters.JUnitReportReporter -->
<testsuite hostname="AbhishekMore" failures="0" tests="4" name="api.test.UserTest" time="11.036" errors="0" timestamp="2026-03-09T22:32:21 IST" skipped="0">
  <testcase classname="api.test.UserTest" name="testPostuser" time="3.770"/>
  <testcase classname="api.test.UserTest" name="testGetUserByName" time="1.769"/>
  <testcase classname="api.test.UserTest" name="testUpdateUserByName" time="3.932"/>
  <testcase classname="api.test.UserTest" name="testDeleteUserByName" time="1.565"/>
</testsuite> <!-- api.test.UserTest -->
