<?xml version="1.0" encoding="UTF-8"?>
<!-- Generated by org.testng.reporters.JUnitReportReporter -->
<testsuite hostname="AbhishekMore" failures="0" tests="6" name="api.test.DDTests" time="13.481" errors="0" timestamp="2026-03-09T14:08:33 IST" skipped="0">
  <testcase classname="api.test.DDTests" name="testPostUser" time="2.062"/>
  <testcase classname="api.test.DDTests" name="testPostUser" time="3.865"/>
  <testcase classname="api.test.DDTests" name="testPostUser" time="1.830"/>
  <testcase classname="api.test.DDTests" name="testDeleteUserByName" time="1.833"/>
  <testcase classname="api.test.DDTests" name="testDeleteUserByName" time="1.812"/>
  <testcase classname="api.test.DDTests" name="testDeleteUserByName" time="2.079"/>
</testsuite> <!-- api.test.DDTests -->
