<?xml version="1.0" encoding="UTF-8"?>
<!-- Generated by org.testng.reporters.JUnitXMLReporter -->
<testsuite ignored="0" hostname="AbhishekMore" failures="0" tests="4" name="PetTests" time="12.543" errors="0" timestamp="2026-03-10T12:37:09 IST">
  <testcase classname="api.test.UserTest2" name="testPostuser" time="4.202"/>
  <testcase classname="api.test.UserTest2" name="testGetUserByName" time="1.825"/>
  <testcase classname="api.test.UserTest2" name="testUpdateUserByName" time="3.656"/>
  <testcase classname="api.test.UserTest2" name="testDeleteUserByName" time="1.818"/>
</testsuite> <!-- PetTests -->
